\BOOKMARK [1][-]{section.1}{\376\377\000P\000r\000o\000b\000l\000e\000m\000\040\0001\000:\000\040\000U\000n\000i\000t\000\040\000t\000a\000n\000g\000e\000n\000t\000,\000\040\000u\000n\000i\000t\000\040\000n\000o\000r\000m\000a\000l\000,\000\040\000a\000n\000d\000\040\000b\000i\000n\000o\000r\000m\000a\000l}{}% 1
\BOOKMARK [2][-]{subsection.1.1}{\376\377\0001\000\050\000i\000\051\000\040\000r\000\050\000t\000\051\000=\000\050\000t\000,\000t\000,\000t\000\051\000,\000\040\000a\000t\000\040\000t\000=\0000}{section.1}% 2
\BOOKMARK [2][-]{subsection.1.2}{\376\377\0001\000\050\000i\000i\000\051\000\040\000r\000\050\000t\000\051\000=\000\050\000t\000,\000t\000,\000\050\000t\000\051\000\051\000,\000\040\000a\000t\000\040\000t\000=\0000}{section.1}% 3
\BOOKMARK [2][-]{subsection.1.3}{\376\377\0001\000\050\000i\000i\000i\000\051\000\040\000r\000\050\000t\000\051\000=\000\050\000t\000,\0001\0002\000t\0002\000,\000t\0002\000\051\000,\000\040\000a\000t\000\040\000t\000=\0000}{section.1}% 4
\BOOKMARK [1][-]{section.2}{\376\377\000P\000r\000o\000b\000l\000e\000m\000\040\0002\000:\000\040\000L\000i\000m\000i\000t\000s}{}% 5
\BOOKMARK [2][-]{subsection.2.1}{\376\377\0002\000\050\000i\000\051\000\040\000I\000n\000d\000i\000c\000a\000t\000o\000r\000\040\000f\000u\000n\000c\000t\000i\000o\000n\000\040\000o\000f\000\040\000t\000h\000e\000\040\000l\000i\000n\000e\000\040\000y\000=\0002\000x}{section.2}% 6
\BOOKMARK [2][-]{subsection.2.2}{\376\377\0002\000\050\000i\000i\000\051\000\040\000C\000o\000n\000s\000t\000r\000u\000c\000t\000i\000n\000g\000\040\000e\000x\000a\000m\000p\000l\000e\000s\000\040\000i\000n\000\040\000R\0003}{section.2}% 7
\BOOKMARK [2][-]{subsection.2.3}{\376\377\0002\000\050\000i\000i\000i\000\051\000\040\000I\000n\000d\000i\000c\000a\000t\000o\000r\000\040\000f\000u\000n\000c\000t\000i\000o\000n\000\040\000o\000f\000\040\000t\000h\000e\000\040\000p\000a\000r\000a\000b\000o\000l\000a\000\040\000y\000=\000x\0002}{section.2}% 8
\BOOKMARK [2][-]{subsection.2.4}{\376\377\0002\000\050\000i\000v\000\051\000\040\000D\000i\000r\000e\000c\000t\000\040\000l\000i\000m\000i\000t\000\040\000c\000o\000m\000p\000u\000t\000a\000t\000i\000o\000n\000s}{section.2}% 9
\BOOKMARK [2][-]{subsection.2.5}{\376\377\0002\000\050\000v\000\051\000\040\000T\000h\000e\000\040\000f\000u\000n\000c\000t\000i\000o\000n\000\040\000f\000\050\000x\000,\000y\000\051\000=\000x\0002\000-\000y\0002\000x\0002\000+\000y\0002}{section.2}% 10
\BOOKMARK [2][-]{subsection.2.6}{\376\377\0002\000\050\000v\000i\000\051\000\040\000U\000n\000e\000q\000u\000a\000l\000\040\000i\000t\000e\000r\000a\000t\000e\000d\000\040\000l\000i\000m\000i\000t\000s}{section.2}% 11
\BOOKMARK [1][-]{section.3}{\376\377\000P\000r\000o\000b\000l\000e\000m\000\040\0003\000:\000\040\000C\000o\000n\000t\000i\000n\000u\000i\000t\000y}{}% 12
\BOOKMARK [2][-]{subsection.3.1}{\376\377\0003\000\050\000i\000\051\000\040\000C\000o\000n\000t\000i\000n\000u\000i\000t\000y\000\040\000o\000f\000\040\000f\000\050\000x\000\051\000=\000x\000\040}{section.3}% 13
\BOOKMARK [2][-]{subsection.3.2}{\376\377\0003\000\050\000i\000i\000\051\000\040\000C\000o\000n\000t\000i\000n\000u\000i\000t\000y\000\040\000o\000f\000\040\000c\000o\000o\000r\000d\000i\000n\000a\000t\000e\000\040\000p\000r\000o\000j\000e\000c\000t\000i\000o\000n\000\040\000f\000i\000\050\000x\000\051\000=\000x\000\050\000i\000\051}{section.3}% 14
\BOOKMARK [2][-]{subsection.3.3}{\376\377\0003\000\050\000i\000i\000i\000\051\000\040\000C\000o\000n\000t\000i\000n\000u\000i\000t\000y\000\040\000o\000f\000\040\000f\000\050\000x\000\051\000=\000c\000x}{section.3}% 15
\BOOKMARK [2][-]{subsection.3.4}{\376\377\0003\000\050\000i\000v\000\051\000\040\000C\000o\000n\000t\000i\000n\000u\000i\000t\000y\000\040\000o\000f\000\040\000a\000\040\000v\000e\000c\000t\000o\000r\000-\000v\000a\000l\000u\000e\000d\000\040\000f\000u\000n\000c\000t\000i\000o\000n\000\040\000f\000r\000o\000m\000\040\000c\000o\000n\000t\000i\000n\000u\000o\000u\000s\000\040\000c\000o\000m\000p\000o\000n\000e\000n\000t\000s}{section.3}% 16
\BOOKMARK [2][-]{subsection.3.5}{\376\377\0003\000\050\000v\000\051\000\040\000C\000o\000n\000t\000i\000n\000u\000i\000t\000y\000\040\000o\000f\000\040\000f\000\050\000x\000,\000y\000,\000z\000\051\000=\000\050\000f\0001\000\050\000z\000\051\000,\000f\0002\000\050\000x\000\051\000\051}{section.3}% 17
\BOOKMARK [2][-]{subsection.3.6}{\376\377\0003\000\050\000v\000i\000\051\000\040\000Q\000u\000o\000t\000i\000e\000n\000t\000\040\000o\000f\000\040\000c\000o\000n\000t\000i\000n\000u\000o\000u\000s\000\040\000f\000u\000n\000c\000t\000i\000o\000n\000s}{section.3}% 18
\BOOKMARK [2][-]{subsection.3.7}{\376\377\0003\000\050\000v\000i\000i\000\051\000\040\000S\000e\000t\000s\000\040\000o\000f\000\040\000c\000o\000n\000t\000i\000n\000u\000i\000t\000y}{section.3}% 19
\BOOKMARK [1][-]{section.4}{\376\377\000P\000r\000o\000b\000l\000e\000m\000\040\0004\000:\000\040\000P\000a\000r\000t\000i\000a\000l\000\040\000d\000e\000r\000i\000v\000a\000t\000i\000v\000e\000s}{}% 20
\BOOKMARK [2][-]{subsection.4.1}{\376\377\0004\000\050\000i\000\051\000\040\000F\000i\000r\000s\000t\000-\000o\000r\000d\000e\000r\000\040\000p\000a\000r\000t\000i\000a\000l\000\040\000d\000e\000r\000i\000v\000a\000t\000i\000v\000e\000s}{section.4}% 21
\BOOKMARK [2][-]{subsection.4.2}{\376\377\0004\000\050\000i\000i\000\051\000\040\000M\000i\000x\000e\000d\000\040\000s\000e\000c\000o\000n\000d\000-\000o\000r\000d\000e\000r\000\040\000p\000a\000r\000t\000i\000a\000l\000\040\000d\000e\000r\000i\000v\000a\000t\000i\000v\000e\000s}{section.4}% 22
\BOOKMARK [2][-]{subsection.4.3}{\376\377\0004\000\050\000i\000i\000i\000\051\000\040\000E\000x\000a\000m\000p\000l\000e\000s\000\040\000i\000n\000v\000o\000l\000v\000i\000n\000g\000\040\000m\000i\000x\000e\000d\000\040\000p\000a\000r\000t\000i\000a\000l\000\040\000d\000e\000r\000i\000v\000a\000t\000i\000v\000e\000s}{section.4}% 23
\BOOKMARK [1][-]{section.5}{\376\377\000P\000r\000o\000b\000l\000e\000m\000\040\0005\000:\000\040\000D\000i\000r\000e\000c\000t\000i\000o\000n\000a\000l\000\040\000d\000e\000r\000i\000v\000a\000t\000i\000v\000e\000s}{}% 24
\BOOKMARK [2][-]{subsection.5.1}{\376\377\0005\000\050\000i\000\051\000\040\000f\000\050\000x\000\051\000=\000x\000\040\0002\000\040\000o\000n\000\040\000R\0003}{section.5}% 25
\BOOKMARK [2][-]{subsection.5.2}{\376\377\0005\000\050\000i\000i\000\051\000\040\000f\000\050\000x\000\051\000=\000a\000x\000\040\000o\000n\000\040\000R\0003}{section.5}% 26
\BOOKMARK [2][-]{subsection.5.3}{\376\377\0005\000\050\000i\000i\000i\000\051\000\040\000f\000\050\000x\000,\000y\000\051\000=\000x\000y\000x\0002\000+\000y\0002\000,\000\040\000w\000i\000t\000h\000\040\000f\000\050\0000\000,\0000\000\051\000=\0000}{section.5}% 27
\BOOKMARK [2][-]{subsection.5.4}{\376\377\0005\000\050\000i\000v\000\051\000\040\000f\000\050\000x\000,\000y\000\051\000=\000x\000y\0002\000x\0002\000+\000y\0004\000,\000\040\000w\000i\000t\000h\000\040\000f\000\050\0000\000,\0000\000\051\000=\0000}{section.5}% 28
\BOOKMARK [1][-]{section*.23}{\376\377\000S\000u\000m\000m\000a\000r\000y\000\040\000t\000a\000b\000l\000e\000\040\000o\000f\000\040\000m\000a\000i\000n\000\040\000o\000u\000t\000c\000o\000m\000e\000s}{}% 29
