\BOOKMARK [1][-]{section*.2}{\376\377\000H\000o\000w\000\040\000T\000o\000\040\000U\000s\000e\000\040\000T\000h\000i\000s\000\040\000S\000h\000e\000e\000t}{}% 1
\BOOKMARK [1][-]{section.1}{\376\377\000D\000e\000f\000i\000n\000i\000t\000i\000o\000n\000s\000\040\000A\000n\000d\000\040\000C\000o\000r\000e\000\040\000F\000a\000c\000t\000s}{}% 2
\BOOKMARK [2][-]{subsection.1.1}{\376\377\000T\000r\000i\000p\000l\000e\000\040\000I\000n\000t\000e\000g\000r\000a\000l\000s}{section.1}% 3
\BOOKMARK [2][-]{subsection.1.2}{\376\377\000C\000y\000l\000i\000n\000d\000r\000i\000c\000a\000l\000\040\000C\000o\000o\000r\000d\000i\000n\000a\000t\000e\000s}{section.1}% 4
\BOOKMARK [2][-]{subsection.1.3}{\376\377\000S\000p\000h\000e\000r\000i\000c\000a\000l\000\040\000C\000o\000o\000r\000d\000i\000n\000a\000t\000e\000s}{section.1}% 5
\BOOKMARK [2][-]{subsection.1.4}{\376\377\000C\000h\000a\000n\000g\000e\000\040\000O\000f\000\040\000V\000a\000r\000i\000a\000b\000l\000e\000s\000\040\000I\000n\000\040\000D\000o\000u\000b\000l\000e\000\040\000I\000n\000t\000e\000g\000r\000a\000l\000s}{section.1}% 6
\BOOKMARK [2][-]{subsection.1.5}{\376\377\000V\000e\000c\000t\000o\000r\000\040\000F\000i\000e\000l\000d\000s}{section.1}% 7
\BOOKMARK [2][-]{subsection.1.6}{\376\377\000L\000i\000n\000e\000\040\000I\000n\000t\000e\000g\000r\000a\000l\000s\000\040\000O\000f\000\040\000S\000c\000a\000l\000a\000r\000\040\000F\000u\000n\000c\000t\000i\000o\000n\000s}{section.1}% 8
\BOOKMARK [2][-]{subsection.1.7}{\376\377\000L\000i\000n\000e\000\040\000I\000n\000t\000e\000g\000r\000a\000l\000s\000\040\000O\000f\000\040\000V\000e\000c\000t\000o\000r\000\040\000F\000i\000e\000l\000d\000s}{section.1}% 9
\BOOKMARK [2][-]{subsection.1.8}{\376\377\000C\000o\000n\000s\000e\000r\000v\000a\000t\000i\000v\000e\000\040\000V\000e\000c\000t\000o\000r\000\040\000F\000i\000e\000l\000d\000s}{section.1}% 10
\BOOKMARK [2][-]{subsection.1.9}{\376\377\000F\000u\000n\000d\000a\000m\000e\000n\000t\000a\000l\000\040\000T\000h\000e\000o\000r\000e\000m\000\040\000F\000o\000r\000\040\000L\000i\000n\000e\000\040\000I\000n\000t\000e\000g\000r\000a\000l\000s}{section.1}% 11
\BOOKMARK [2][-]{subsection.1.10}{\376\377\000G\000r\000e\000e\000n\000'\000s\000\040\000T\000h\000e\000o\000r\000e\000m}{section.1}% 12
\BOOKMARK [2][-]{subsection.1.11}{\376\377\000C\000u\000r\000l}{section.1}% 13
\BOOKMARK [2][-]{subsection.1.12}{\376\377\000D\000i\000v\000e\000r\000g\000e\000n\000c\000e}{section.1}% 14
\BOOKMARK [1][-]{section.2}{\376\377\000V\000e\000c\000t\000o\000r\000\040\000C\000a\000l\000c\000u\000l\000u\000s\000\040\000R\000e\000v\000i\000s\000i\000o\000n\000\040\000S\000p\000r\000i\000n\000t\000:\000\040\000L\000i\000n\000e\000\040\000I\000n\000t\000e\000g\000r\000a\000l\000s\000\040\000\046\000\040\000G\000r\000e\000e\000n\000'\000s\000\040\000T\000h\000e\000o\000r\000e\000m}{}% 15
\BOOKMARK [2][-]{subsection.2.1}{\376\377\000C\000o\000r\000e\000\040\000D\000e\000f\000i\000n\000i\000t\000i\000o\000n\000s}{section.2}% 16
\BOOKMARK [2][-]{subsection.2.2}{\376\377\000T\000h\000e\000\040\000T\000h\000r\000e\000e\000\040\000K\000e\000y\000\040\000T\000h\000e\000o\000r\000e\000m\000s\000\040\000\050\000F\000o\000r\000m\000a\000l\000\040\000S\000t\000a\000t\000e\000m\000e\000n\000t\000s\000\051}{section.2}% 17
\BOOKMARK [2][-]{subsection.2.3}{\376\377\000I\000n\000t\000u\000i\000t\000i\000o\000n\000\040\000a\000n\000d\000\040\000D\000i\000a\000g\000r\000a\000m\000s}{section.2}% 18
\BOOKMARK [2][-]{subsection.2.4}{\376\377\000F\000u\000l\000l\000y\000\040\000W\000o\000r\000k\000e\000d\000\040\000P\000r\000o\000b\000l\000e\000m\000-\000S\000e\000t\000\040\000E\000x\000a\000m\000p\000l\000e\000s\000\040\000\050\000C\000o\000m\000p\000l\000e\000t\000e\000\040\000P\000r\000o\000b\000l\000e\000m\000\040\000S\000e\000t\000\040\0001\0000\000\051}{section.2}% 19
\BOOKMARK [2][-]{subsection.2.5}{\376\377\000R\000e\000a\000l\000i\000s\000t\000i\000c\000\040\000Q\000u\000i\000z\000\040\000P\000r\000a\000c\000t\000i\000c\000e\000:\000\040\000F\000i\000v\000e\000\040\000L\000i\000k\000e\000l\000y\000\040\000Q\000u\000e\000s\000t\000i\000o\000n\000s}{section.2}% 20
\BOOKMARK [1][-]{section.3}{\376\377\000T\000h\000e\000o\000r\000e\000t\000i\000c\000a\000l\000\040\000S\000h\000o\000r\000t\000-\000Q\000u\000e\000s\000t\000i\000o\000n\000\040\000Q\000u\000i\000z}{}% 21
\BOOKMARK [1][-]{section.4}{\376\377\000D\000i\000r\000e\000c\000t\000\040\000P\000r\000a\000c\000t\000i\000c\000e\000\040\000Q\000u\000e\000s\000t\000i\000o\000n\000s\000\040\000F\000r\000o\000m\000\040\000P\000r\000o\000b\000l\000e\000m\000\040\000S\000e\000t\000s}{}% 22
\BOOKMARK [1][-]{section.5}{\376\377\000S\000h\000o\000r\000t\000\040\000A\000n\000s\000w\000e\000r\000\040\000S\000h\000e\000e\000t}{}% 23
\BOOKMARK [1][-]{section.6}{\376\377\000N\000o\000t\000a\000t\000i\000o\000n\000\040\000T\000a\000b\000l\000e}{}% 24
\BOOKMARK [1][-]{section.7}{\376\377\000F\000A\000Q\000s}{}% 25
